<?xml version="1.0" encoding="UTF-8"?>
<testsuite name="Scenario: TC 8.7 - Create a Recipe - Happy Path - Recipe hashcode method" tests="2" skipped="0" failures="0" errors="0" timestamp="2021-08-16T01:30:38" hostname="MarcoITSE" time="0.001">
  <properties/>
  <testcase name="When the recipe hashcode method is used, it should always returns the same result for a given recipe" classname="Scenario: TC 8.7 - Create a Recipe - Happy Path - Recipe hashcode method" time="0.001"/>
  <testcase name="classMethod" classname="Scenario: TC 8.7 - Create a Recipe - Happy Path - Recipe hashcode method" time="0.001"/>
  <system-out><![CDATA[]]></system-out>
  <system-err><![CDATA[]]></system-err>
</testsuite>
