<?xml version="1.0" encoding="UTF-8"?>
<testsuite name="Scenario: TC 9.8 - Edit a Recipe, error path" tests="3" skipped="0" failures="0" errors="0" timestamp="2021-08-16T01:30:38" hostname="MarcoITSE" time="0.005">
  <properties/>
  <testcase name="Given a default recipe book" classname="Scenario: TC 9.8 - Edit a Recipe, error path" time="0.003"/>
  <testcase name="When the user displays recipes it should succeed" classname="Scenario: TC 9.8 - Edit a Recipe, error path" time="0.0"/>
  <testcase name="classMethod" classname="Scenario: TC 9.8 - Edit a Recipe, error path" time="0.006"/>
  <system-out><![CDATA[]]></system-out>
  <system-err><![CDATA[]]></system-err>
</testsuite>
