<?xml version="1.0" encoding="UTF-8"?>
<testsuite name="owed change" tests="1" skipped="0" failures="0" errors="0" timestamp="2021-08-16T01:30:38" hostname="MarcoITSE" time="0.007">
  <properties/>
  <testcase name="Scenario: TC 7.3 - Purchase Beverage - Happy Path - pays more than the cost " classname="owed change" time="0.007"/>
  <system-out><![CDATA[]]></system-out>
  <system-err><![CDATA[]]></system-err>
</testsuite>
