<?xml version="1.0" encoding="UTF-8"?>
<testsuite name="Scenario: TC 7.9&#9;- Purchase Beverage - Error Path - payment not positive integer" tests="3" skipped="0" failures="0" errors="0" timestamp="2021-08-16T01:30:38" hostname="MarcoITSE" time="0.001">
  <properties/>
  <testcase name="Given a default recipe book" classname="Scenario: TC 7.9&#9;- Purchase Beverage - Error Path - payment not positive integer" time="0.0"/>
  <testcase name="When the user attempts to make coffee with payment that is not a pos int, it will fail" classname="Scenario: TC 7.9&#9;- Purchase Beverage - Error Path - payment not positive integer" time="0.001"/>
  <testcase name="classMethod" classname="Scenario: TC 7.9&#9;- Purchase Beverage - Error Path - payment not positive integer" time="0.002"/>
  <system-out><![CDATA[]]></system-out>
  <system-err><![CDATA[]]></system-err>
</testsuite>
