<?xml version="1.0" encoding="UTF-8"?>
<testsuite name="Scenario: Add Inventory - TC 5.8 Add Inventory - Error path, user enters invalid (non-integer) amounts for some of the 4 ingredients" tests="1" skipped="0" failures="0" errors="0" timestamp="2021-08-16T01:30:38" hostname="MarcoITSE" time="0.006">
  <properties/>
  <testcase name="classMethod" classname="Scenario: Add Inventory - TC 5.8 Add Inventory - Error path, user enters invalid (non-integer) amounts for some of the 4 ingredients" time="0.006"/>
  <system-out><![CDATA[]]></system-out>
  <system-err><![CDATA[]]></system-err>
</testsuite>
