<?xml version="1.0" encoding="UTF-8"?>
<testsuite name="Scenario: TC 9.1&#9;- CoffeeMakerUI - Happy Path - get recipes" tests="3" skipped="0" failures="0" errors="0" timestamp="2021-08-16T01:30:38" hostname="MarcoITSE" time="0.001">
  <properties/>
  <testcase name="Given a default recipe book" classname="Scenario: TC 9.1&#9;- CoffeeMakerUI - Happy Path - get recipes" time="0.001"/>
  <testcase name="When getRecipes is called, a valid list of recipes is returned" classname="Scenario: TC 9.1&#9;- CoffeeMakerUI - Happy Path - get recipes" time="0.0"/>
  <testcase name="classMethod" classname="Scenario: TC 9.1&#9;- CoffeeMakerUI - Happy Path - get recipes" time="0.001"/>
  <system-out><![CDATA[]]></system-out>
  <system-err><![CDATA[]]></system-err>
</testsuite>
