<?xml version="1.0" encoding="UTF-8"?>
<testsuite name="Scenario: TC 9.4 - Edit a Recipe, error path" tests="6" skipped="0" failures="0" errors="0" timestamp="2021-08-16T01:30:38" hostname="MarcoITSE" time="0.014">
  <properties/>
  <testcase name="Given a default recipe book" classname="Scenario: TC 9.4 - Edit a Recipe, error path" time="0.0"/>
  <testcase name="And the coffee maker is in waiting state" classname="Scenario: TC 9.4 - Edit a Recipe, error path" time="0.0"/>
  <testcase name="And the user has selected edit a recipe" classname="Scenario: TC 9.4 - Edit a Recipe, error path" time="0.001"/>
  <testcase name="And the user elects to edit a valid recipe number &quot;1&quot;" classname="Scenario: TC 9.4 - Edit a Recipe, error path" time="0.002"/>
  <testcase name="When the user attempts to update the recipe with a null recipe, it should fail" classname="Scenario: TC 9.4 - Edit a Recipe, error path" time="0.005"/>
  <testcase name="classMethod" classname="Scenario: TC 9.4 - Edit a Recipe, error path" time="0.015"/>
  <system-out><![CDATA[]]></system-out>
  <system-err><![CDATA[]]></system-err>
</testsuite>
