<?xml version="1.0" encoding="UTF-8"?>
<testsuite name="Scenario: TC 8.3 - Create a Recipe - Error Path - User enters negative integer for amount of sugar" tests="2" skipped="0" failures="0" errors="0" timestamp="2021-08-16T01:30:38" hostname="MarcoITSE" time="0.002">
  <properties/>
  <testcase name="When the user tries to create a recipe with a -ve int as the amount of sugar, it will fail" classname="Scenario: TC 8.3 - Create a Recipe - Error Path - User enters negative integer for amount of sugar" time="0.002"/>
  <testcase name="classMethod" classname="Scenario: TC 8.3 - Create a Recipe - Error Path - User enters negative integer for amount of sugar" time="0.002"/>
  <system-out><![CDATA[]]></system-out>
  <system-err><![CDATA[]]></system-err>
</testsuite>
