<?xml version="1.0" encoding="UTF-8"?>
<testsuite name="Scenario: TC 8.11 - Create a Recipe - Happy Path - Recipe Equals" tests="2" skipped="0" failures="0" errors="0" timestamp="2021-08-16T01:30:38" hostname="MarcoITSE" time="0.0">
  <properties/>
  <testcase name="When a recipe and an inventory are compared using the equals method, it should fail" classname="Scenario: TC 8.11 - Create a Recipe - Happy Path - Recipe Equals" time="0.0"/>
  <testcase name="classMethod" classname="Scenario: TC 8.11 - Create a Recipe - Happy Path - Recipe Equals" time="0.001"/>
  <system-out><![CDATA[]]></system-out>
  <system-err><![CDATA[]]></system-err>
</testsuite>
