<?xml version="1.0" encoding="UTF-8"?>
<testsuite name="Scenario: TC 8.9 - Create a Recipe - Error Path - Recipe Equals" tests="2" skipped="0" failures="0" errors="0" timestamp="2021-08-16T01:30:38" hostname="MarcoITSE" time="0.001">
  <properties/>
  <testcase name="When two recipes that are not the same are compared using the equals method, it should fail" classname="Scenario: TC 8.9 - Create a Recipe - Error Path - Recipe Equals" time="0.001"/>
  <testcase name="classMethod" classname="Scenario: TC 8.9 - Create a Recipe - Error Path - Recipe Equals" time="0.003"/>
  <system-out><![CDATA[]]></system-out>
  <system-err><![CDATA[]]></system-err>
</testsuite>
