<?xml version="1.0" encoding="UTF-8"?>
<testsuite name="Scenario: TC 8.6 - Create a Recipe - Error Path - User enters null value for the name of the recipe" tests="2" skipped="0" failures="0" errors="0" timestamp="2021-08-16T01:30:38" hostname="MarcoITSE" time="0.0">
  <properties/>
  <testcase name="When the user tries to update a recipe with null as the name, it will fail" classname="Scenario: TC 8.6 - Create a Recipe - Error Path - User enters null value for the name of the recipe" time="0.0"/>
  <testcase name="classMethod" classname="Scenario: TC 8.6 - Create a Recipe - Error Path - User enters null value for the name of the recipe" time="0.0"/>
  <system-out><![CDATA[]]></system-out>
  <system-err><![CDATA[]]></system-err>
</testsuite>
