<?xml version="1.0" encoding="UTF-8"?>
<testsuite name="Scenario: TC 3.1 - Delete a Recipe, happy path" tests="8" skipped="0" failures="0" errors="0" timestamp="2021-08-16T01:30:37" hostname="MarcoITSE" time="0.004">
  <properties/>
  <testcase name="Given a default recipe book" classname="Scenario: TC 3.1 - Delete a Recipe, happy path" time="0.0"/>
  <testcase name="And the coffee maker is in waiting state" classname="Scenario: TC 3.1 - Delete a Recipe, happy path" time="0.0"/>
  <testcase name="And the user has selected delete a recipe" classname="Scenario: TC 3.1 - Delete a Recipe, happy path" time="0.0"/>
  <testcase name="When the user elects to delete a valid recipe number &quot;1&quot;" classname="Scenario: TC 3.1 - Delete a Recipe, happy path" time="0.0"/>
  <testcase name="Then the coffee maker transitions into &quot;WAITING&quot; mode" classname="Scenario: TC 3.1 - Delete a Recipe, happy path" time="0.0"/>
  <testcase name="And the current status of the coffee maker is &quot;OK&quot;" classname="Scenario: TC 3.1 - Delete a Recipe, happy path" time="0.001"/>
  <testcase name="And the list of available recipes does not include &quot;Coffee&quot;" classname="Scenario: TC 3.1 - Delete a Recipe, happy path" time="0.001"/>
  <testcase name="classMethod" classname="Scenario: TC 3.1 - Delete a Recipe, happy path" time="0.004"/>
  <system-out><![CDATA[]]></system-out>
  <system-err><![CDATA[]]></system-err>
</testsuite>
