<?xml version="1.0" encoding="UTF-8"?>
<testsuite name="Scenario: Set Inventory - TC 5.20 Set Inventory - Error path, user enters invalid (-ve integer) amounts for chocolate" tests="1" skipped="0" failures="0" errors="0" timestamp="2021-08-16T01:30:38" hostname="MarcoITSE" time="0.0">
  <properties/>
  <testcase name="classMethod" classname="Scenario: Set Inventory - TC 5.20 Set Inventory - Error path, user enters invalid (-ve integer) amounts for chocolate" time="0.0"/>
  <system-out><![CDATA[]]></system-out>
  <system-err><![CDATA[]]></system-err>
</testsuite>
