<?xml version="1.0" encoding="UTF-8"?>
<testsuite name="Scenario: TC 7.5 - Purchase Beverage - Error Path - insufficient ingredients" tests="10" skipped="0" failures="0" errors="0" timestamp="2021-08-16T01:30:38" hostname="MarcoITSE" time="0.004">
  <properties/>
  <testcase name="Given a default recipe book" classname="Scenario: TC 7.5 - Purchase Beverage - Error Path - insufficient ingredients" time="0.0"/>
  <testcase name="And the coffee maker is in waiting state" classname="Scenario: TC 7.5 - Purchase Beverage - Error Path - insufficient ingredients" time="0.0"/>
  <testcase name="And the user has selected purchase coffee" classname="Scenario: TC 7.5 - Purchase Beverage - Error Path - insufficient ingredients" time="0.0"/>
  <testcase name="And the user pays more than the cost of the beverage &quot;80&quot;" classname="Scenario: TC 7.5 - Purchase Beverage - Error Path - insufficient ingredients" time="0.0"/>
  <testcase name="When the user has chosen to purchase valid recipe number &quot;2&quot;" classname="Scenario: TC 7.5 - Purchase Beverage - Error Path - insufficient ingredients" time="0.0"/>
  <testcase name="Then the inventory should not be decremented" classname="Scenario: TC 7.5 - Purchase Beverage - Error Path - insufficient ingredients" time="0.0"/>
  <testcase name="And the payment should be refunded &quot;0&quot;" classname="Scenario: TC 7.5 - Purchase Beverage - Error Path - insufficient ingredients" time="0.0"/>
  <testcase name="And the current status of the coffee maker is &quot;INSUFFICIENT_FUNDS&quot;" classname="Scenario: TC 7.5 - Purchase Beverage - Error Path - insufficient ingredients" time="0.0"/>
  <testcase name="And the current mode of the coffee maker is &quot;WAITING&quot;" classname="Scenario: TC 7.5 - Purchase Beverage - Error Path - insufficient ingredients" time="0.0"/>
  <testcase name="classMethod" classname="Scenario: TC 7.5 - Purchase Beverage - Error Path - insufficient ingredients" time="0.007"/>
  <system-out><![CDATA[]]></system-out>
  <system-err><![CDATA[]]></system-err>
</testsuite>
