<?xml version="1.0" encoding="UTF-8"?>
<testsuite name="-ve integer) amounts for some of the 4 ingredients" tests="28" skipped="0" failures="0" errors="0" timestamp="2021-08-16T01:30:38" hostname="MarcoITSE" time="0.053">
  <properties/>
  <testcase name="Given an empty recipe book(Scenario: Add Inventory - TC 5.13 Add Inventory - Error path, user enters invalid " classname="-ve integer) amounts for some of the 4 ingredients" time="0.0"/>
  <testcase name="And the coffee maker is in waiting state(Scenario: Add Inventory - TC 5.13 Add Inventory - Error path, user enters invalid " classname="-ve integer) amounts for some of the 4 ingredients" time="0.0"/>
  <testcase name="And the user has selected add inventory(Scenario: Add Inventory - TC 5.13 Add Inventory - Error path, user enters invalid " classname="-ve integer) amounts for some of the 4 ingredients" time="0.0"/>
  <testcase name="Then the user cannot update the inventory if they enter invalid (-ve integer) amounts for one of &quot;-1&quot;, &quot;0&quot;, &quot;0&quot; and &quot;0&quot;(Scenario: Add Inventory - TC 5.13 Add Inventory - Error path, user enters invalid " classname="-ve integer) amounts for some of the 4 ingredients" time="0.0"/>
  <testcase name="And the current status of the coffee maker is &quot;OK&quot;(Scenario: Add Inventory - TC 5.13 Add Inventory - Error path, user enters invalid " classname="-ve integer) amounts for some of the 4 ingredients" time="0.0"/>
  <testcase name="And the current mode of the coffee maker is &quot;ADD_INVENTORY&quot;(Scenario: Add Inventory - TC 5.13 Add Inventory - Error path, user enters invalid " classname="-ve integer) amounts for some of the 4 ingredients" time="0.0"/>
  <testcase name="And the inventory has not been updated(Scenario: Add Inventory - TC 5.13 Add Inventory - Error path, user enters invalid " classname="-ve integer) amounts for some of the 4 ingredients" time="0.0"/>
  <testcase name="Given an empty recipe book(Scenario: Add Inventory - TC 5.14 Add Inventory - Error path, user enters invalid " classname="-ve integer) amounts for some of the 4 ingredients" time="0.0"/>
  <testcase name="And the coffee maker is in waiting state(Scenario: Add Inventory - TC 5.14 Add Inventory - Error path, user enters invalid " classname="-ve integer) amounts for some of the 4 ingredients" time="0.0"/>
  <testcase name="And the user has selected add inventory(Scenario: Add Inventory - TC 5.14 Add Inventory - Error path, user enters invalid " classname="-ve integer) amounts for some of the 4 ingredients" time="0.0"/>
  <testcase name="Then the user cannot update the inventory if they enter invalid (-ve integer) amounts for one of &quot;0&quot;, &quot;-1&quot;, &quot;0&quot; and &quot;0&quot;(Scenario: Add Inventory - TC 5.14 Add Inventory - Error path, user enters invalid " classname="-ve integer) amounts for some of the 4 ingredients" time="0.0"/>
  <testcase name="And the current status of the coffee maker is &quot;OK&quot;(Scenario: Add Inventory - TC 5.14 Add Inventory - Error path, user enters invalid " classname="-ve integer) amounts for some of the 4 ingredients" time="0.0"/>
  <testcase name="And the current mode of the coffee maker is &quot;ADD_INVENTORY&quot;(Scenario: Add Inventory - TC 5.14 Add Inventory - Error path, user enters invalid " classname="-ve integer) amounts for some of the 4 ingredients" time="0.0"/>
  <testcase name="And the inventory has not been updated(Scenario: Add Inventory - TC 5.14 Add Inventory - Error path, user enters invalid " classname="-ve integer) amounts for some of the 4 ingredients" time="0.0"/>
  <testcase name="Given an empty recipe book(Scenario: Add Inventory - TC 5.15 Add Inventory - Error path, user enters invalid " classname="-ve integer) amounts for some of the 4 ingredients" time="0.001"/>
  <testcase name="And the coffee maker is in waiting state(Scenario: Add Inventory - TC 5.15 Add Inventory - Error path, user enters invalid " classname="-ve integer) amounts for some of the 4 ingredients" time="0.0"/>
  <testcase name="And the user has selected add inventory(Scenario: Add Inventory - TC 5.15 Add Inventory - Error path, user enters invalid " classname="-ve integer) amounts for some of the 4 ingredients" time="0.0"/>
  <testcase name="Then the user cannot update the inventory if they enter invalid (-ve integer) amounts for one of &quot;0&quot;, &quot;0&quot;, &quot;-1&quot; and &quot;0&quot;(Scenario: Add Inventory - TC 5.15 Add Inventory - Error path, user enters invalid " classname="-ve integer) amounts for some of the 4 ingredients" time="0.0"/>
  <testcase name="And the current status of the coffee maker is &quot;OK&quot;(Scenario: Add Inventory - TC 5.15 Add Inventory - Error path, user enters invalid " classname="-ve integer) amounts for some of the 4 ingredients" time="0.0"/>
  <testcase name="And the current mode of the coffee maker is &quot;ADD_INVENTORY&quot;(Scenario: Add Inventory - TC 5.15 Add Inventory - Error path, user enters invalid " classname="-ve integer) amounts for some of the 4 ingredients" time="0.001"/>
  <testcase name="And the inventory has not been updated(Scenario: Add Inventory - TC 5.15 Add Inventory - Error path, user enters invalid " classname="-ve integer) amounts for some of the 4 ingredients" time="0.0"/>
  <testcase name="Given an empty recipe book(Scenario: Add Inventory - TC 5.16 Add Inventory - Error path, user enters invalid " classname="-ve integer) amounts for some of the 4 ingredients" time="0.0"/>
  <testcase name="And the coffee maker is in waiting state(Scenario: Add Inventory - TC 5.16 Add Inventory - Error path, user enters invalid " classname="-ve integer) amounts for some of the 4 ingredients" time="0.0"/>
  <testcase name="And the user has selected add inventory(Scenario: Add Inventory - TC 5.16 Add Inventory - Error path, user enters invalid " classname="-ve integer) amounts for some of the 4 ingredients" time="0.0"/>
  <testcase name="Then the user cannot update the inventory if they enter invalid (-ve integer) amounts for one of &quot;0&quot;, &quot;0&quot;, &quot;0&quot; and &quot;-1&quot;(Scenario: Add Inventory - TC 5.16 Add Inventory - Error path, user enters invalid " classname="-ve integer) amounts for some of the 4 ingredients" time="0.0"/>
  <testcase name="And the current status of the coffee maker is &quot;OK&quot;(Scenario: Add Inventory - TC 5.16 Add Inventory - Error path, user enters invalid " classname="-ve integer) amounts for some of the 4 ingredients" time="0.0"/>
  <testcase name="And the current mode of the coffee maker is &quot;ADD_INVENTORY&quot;(Scenario: Add Inventory - TC 5.16 Add Inventory - Error path, user enters invalid " classname="-ve integer) amounts for some of the 4 ingredients" time="0.0"/>
  <testcase name="And the inventory has not been updated(Scenario: Add Inventory - TC 5.16 Add Inventory - Error path, user enters invalid " classname="-ve integer) amounts for some of the 4 ingredients" time="0.0"/>
  <system-out><![CDATA[]]></system-out>
  <system-err><![CDATA[]]></system-err>
</testsuite>
