<?xml version="1.0" encoding="UTF-8"?>
<testsuite name="Scenario: TC 1.7 - main menu / error" tests="6" skipped="0" failures="0" errors="0" timestamp="2021-08-16T01:30:37" hostname="MarcoITSE" time="0.012">
  <properties/>
  <testcase name="Given a default recipe book" classname="Scenario: TC 1.7 - main menu / error" time="0.003"/>
  <testcase name="And the coffee maker is in waiting state" classname="Scenario: TC 1.7 - main menu / error" time="0.001"/>
  <testcase name="When the user selects a valid positive integer that isnt a menu option &quot;&lt;menuOption&gt;&quot;" classname="Scenario: TC 1.7 - main menu / error" time="0.0"/>
  <testcase name="Then the coffee maker transitions into &quot;WAITING&quot; mode" classname="Scenario: TC 1.7 - main menu / error" time="0.001"/>
  <testcase name="And the current status of the coffee maker is &quot;OK&quot;" classname="Scenario: TC 1.7 - main menu / error" time="0.0"/>
  <testcase name="classMethod" classname="Scenario: TC 1.7 - main menu / error" time="0.014"/>
  <system-out><![CDATA[]]></system-out>
  <system-err><![CDATA[]]></system-err>
</testsuite>
