<?xml version="1.0" encoding="UTF-8"?>
<testsuite name="Scenario: TC 9.2&#9;- CoffeeMakerUI - Error Path - add recipe" tests="5" skipped="0" failures="0" errors="0" timestamp="2021-08-16T01:30:38" hostname="MarcoITSE" time="0.002">
  <properties/>
  <testcase name="Given an empty recipe book" classname="Scenario: TC 9.2&#9;- CoffeeMakerUI - Error Path - add recipe" time="0.0"/>
  <testcase name="And the coffee maker is in waiting state" classname="Scenario: TC 9.2&#9;- CoffeeMakerUI - Error Path - add recipe" time="0.0"/>
  <testcase name="And the user has selected add a recipe" classname="Scenario: TC 9.2&#9;- CoffeeMakerUI - Error Path - add recipe" time="0.0"/>
  <testcase name="When the coffee maker is in add recipe mode and an object is submitted that is not describe recipe, it should fail" classname="Scenario: TC 9.2&#9;- CoffeeMakerUI - Error Path - add recipe" time="0.0"/>
  <testcase name="classMethod" classname="Scenario: TC 9.2&#9;- CoffeeMakerUI - Error Path - add recipe" time="0.002"/>
  <system-out><![CDATA[]]></system-out>
  <system-err><![CDATA[]]></system-err>
</testsuite>
