<?xml version="1.0" encoding="UTF-8"?>
<testsuite name="too high" tests="1" skipped="0" failures="0" errors="0" timestamp="2021-08-16T01:30:38" hostname="MarcoITSE" time="0.006">
  <properties/>
  <testcase name="Scenario: TC 4.6 - Edit a Recipe, error path - recipe number that doesnt exist " classname="too high" time="0.006"/>
  <system-out><![CDATA[]]></system-out>
  <system-err><![CDATA[]]></system-err>
</testsuite>
