<?xml version="1.0" encoding="UTF-8"?>
<testsuite name="Scenario: TC 7.1 - Purchase Beverage - Happy Path - exact change coffee" tests="10" skipped="0" failures="0" errors="0" timestamp="2021-08-16T01:30:38" hostname="MarcoITSE" time="0.007">
  <properties/>
  <testcase name="Given a default recipe book" classname="Scenario: TC 7.1 - Purchase Beverage - Happy Path - exact change coffee" time="0.001"/>
  <testcase name="And the coffee maker is in waiting state" classname="Scenario: TC 7.1 - Purchase Beverage - Happy Path - exact change coffee" time="0.0"/>
  <testcase name="And the user has selected purchase coffee" classname="Scenario: TC 7.1 - Purchase Beverage - Happy Path - exact change coffee" time="0.0"/>
  <testcase name="And the user has provided exact payment &quot;50&quot;" classname="Scenario: TC 7.1 - Purchase Beverage - Happy Path - exact change coffee" time="0.0"/>
  <testcase name="When the user has chosen to purchase valid recipe number &quot;1&quot;" classname="Scenario: TC 7.1 - Purchase Beverage - Happy Path - exact change coffee" time="0.0"/>
  <testcase name="Then the inventory should have been decremented appropriately &quot;1&quot;" classname="Scenario: TC 7.1 - Purchase Beverage - Happy Path - exact change coffee" time="0.001"/>
  <testcase name="And there should be no change provided &quot;0&quot;" classname="Scenario: TC 7.1 - Purchase Beverage - Happy Path - exact change coffee" time="0.0"/>
  <testcase name="And the current status of the coffee maker is &quot;OK&quot;" classname="Scenario: TC 7.1 - Purchase Beverage - Happy Path - exact change coffee" time="0.0"/>
  <testcase name="And the current mode of the coffee maker is &quot;WAITING&quot;" classname="Scenario: TC 7.1 - Purchase Beverage - Happy Path - exact change coffee" time="0.0"/>
  <testcase name="classMethod" classname="Scenario: TC 7.1 - Purchase Beverage - Happy Path - exact change coffee" time="0.007"/>
  <system-out><![CDATA[]]></system-out>
  <system-err><![CDATA[]]></system-err>
</testsuite>
