<?xml version="1.0" encoding="UTF-8"?>
<testsuite name="Scenario: TC 6.1 - Check Inventory - Happy Path" tests="6" skipped="0" failures="0" errors="0" timestamp="2021-08-16T01:30:38" hostname="MarcoITSE" time="0.001">
  <properties/>
  <testcase name="Given a default recipe book" classname="Scenario: TC 6.1 - Check Inventory - Happy Path" time="0.0"/>
  <testcase name="And the coffee maker is in waiting state" classname="Scenario: TC 6.1 - Check Inventory - Happy Path" time="0.0"/>
  <testcase name="When the user selects Check Inventory" classname="Scenario: TC 6.1 - Check Inventory - Happy Path" time="0.0"/>
  <testcase name="Then the current status of the coffee maker is &quot;OK&quot;" classname="Scenario: TC 6.1 - Check Inventory - Happy Path" time="0.0"/>
  <testcase name="And the current mode of the coffee maker is &quot;CHECK_INVENTORY&quot;" classname="Scenario: TC 6.1 - Check Inventory - Happy Path" time="0.0"/>
  <testcase name="classMethod" classname="Scenario: TC 6.1 - Check Inventory - Happy Path" time="0.001"/>
  <system-out><![CDATA[]]></system-out>
  <system-err><![CDATA[]]></system-err>
</testsuite>
