<?xml version="1.0" encoding="UTF-8"?>
<testsuite name="Scenario: TC 2.2 - Add a Recipe, error path - recipe book is already full" tests="8" skipped="0" failures="0" errors="0" timestamp="2021-08-16T01:30:37" hostname="MarcoITSE" time="0.012">
  <properties/>
  <testcase name="Given a default recipe book" classname="Scenario: TC 2.2 - Add a Recipe, error path - recipe book is already full" time="0.0"/>
  <testcase name="And the coffee maker is in waiting state" classname="Scenario: TC 2.2 - Add a Recipe, error path - recipe book is already full" time="0.0"/>
  <testcase name="And the user has selected add a recipe" classname="Scenario: TC 2.2 - Add a Recipe, error path - recipe book is already full" time="0.0"/>
  <testcase name="When the user enter valid values for the &quot;60&quot;, &quot;3&quot;, &quot;3&quot;, &quot;3&quot;, &quot;0&quot; and &quot;Double Double&quot;" classname="Scenario: TC 2.2 - Add a Recipe, error path - recipe book is already full" time="0.001"/>
  <testcase name="Then the recipe is not added to the coffee maker" classname="Scenario: TC 2.2 - Add a Recipe, error path - recipe book is already full" time="0.001"/>
  <testcase name="And the current status of the coffee maker is &quot;RECIPE_NOT_ADDED&quot;" classname="Scenario: TC 2.2 - Add a Recipe, error path - recipe book is already full" time="0.0"/>
  <testcase name="And the current mode of the coffee maker is &quot;WAITING&quot;" classname="Scenario: TC 2.2 - Add a Recipe, error path - recipe book is already full" time="0.0"/>
  <testcase name="classMethod" classname="Scenario: TC 2.2 - Add a Recipe, error path - recipe book is already full" time="0.013"/>
  <system-out><![CDATA[]]></system-out>
  <system-err><![CDATA[]]></system-err>
</testsuite>
