<?xml version="1.0" encoding="UTF-8"?>
<testsuite name="non-integer) amounts for some of the 4 ingredients" tests="57" skipped="0" failures="0" errors="0" timestamp="2021-08-16T01:30:38" hostname="MarcoITSE" time="0.139">
  <properties/>
  <testcase name="Given an empty recipe book(Scenario: Add Inventory - TC 5.5 Add Inventory - Error path, user enters invalid " classname="non-integer) amounts for some of the 4 ingredients" time="0.0"/>
  <testcase name="And the coffee maker is in waiting state(Scenario: Add Inventory - TC 5.5 Add Inventory - Error path, user enters invalid " classname="non-integer) amounts for some of the 4 ingredients" time="0.001"/>
  <testcase name="And the user has selected add inventory(Scenario: Add Inventory - TC 5.5 Add Inventory - Error path, user enters invalid " classname="non-integer) amounts for some of the 4 ingredients" time="0.0"/>
  <testcase name="Then the user cannot update the inventory if they enter invalid (non-integer) amounts for one of &quot;a&quot;, &quot;0&quot;, &quot;0&quot; and &quot;0&quot;(Scenario: Add Inventory - TC 5.5 Add Inventory - Error path, user enters invalid " classname="non-integer) amounts for some of the 4 ingredients" time="0.0"/>
  <testcase name="And the current status of the coffee maker is &quot;OK&quot;(Scenario: Add Inventory - TC 5.5 Add Inventory - Error path, user enters invalid " classname="non-integer) amounts for some of the 4 ingredients" time="0.0"/>
  <testcase name="And the current mode of the coffee maker is &quot;ADD_INVENTORY&quot;(Scenario: Add Inventory - TC 5.5 Add Inventory - Error path, user enters invalid " classname="non-integer) amounts for some of the 4 ingredients" time="0.0"/>
  <testcase name="And the inventory has not been updated(Scenario: Add Inventory - TC 5.5 Add Inventory - Error path, user enters invalid " classname="non-integer) amounts for some of the 4 ingredients" time="0.0"/>
  <testcase name="Given an empty recipe book(Scenario: Add Inventory - TC 5.6 Add Inventory - Error path, user enters invalid " classname="non-integer) amounts for some of the 4 ingredients" time="0.0"/>
  <testcase name="And the coffee maker is in waiting state(Scenario: Add Inventory - TC 5.6 Add Inventory - Error path, user enters invalid " classname="non-integer) amounts for some of the 4 ingredients" time="0.0"/>
  <testcase name="And the user has selected add inventory(Scenario: Add Inventory - TC 5.6 Add Inventory - Error path, user enters invalid " classname="non-integer) amounts for some of the 4 ingredients" time="0.0"/>
  <testcase name="Then the user cannot update the inventory if they enter invalid (non-integer) amounts for one of &quot;0&quot;, &quot;a&quot;, &quot;0&quot; and &quot;0&quot;(Scenario: Add Inventory - TC 5.6 Add Inventory - Error path, user enters invalid " classname="non-integer) amounts for some of the 4 ingredients" time="0.0"/>
  <testcase name="And the current status of the coffee maker is &quot;OK&quot;(Scenario: Add Inventory - TC 5.6 Add Inventory - Error path, user enters invalid " classname="non-integer) amounts for some of the 4 ingredients" time="0.0"/>
  <testcase name="And the current mode of the coffee maker is &quot;ADD_INVENTORY&quot;(Scenario: Add Inventory - TC 5.6 Add Inventory - Error path, user enters invalid " classname="non-integer) amounts for some of the 4 ingredients" time="0.0"/>
  <testcase name="And the inventory has not been updated(Scenario: Add Inventory - TC 5.6 Add Inventory - Error path, user enters invalid " classname="non-integer) amounts for some of the 4 ingredients" time="0.001"/>
  <testcase name="Given an empty recipe book(Scenario: Add Inventory - TC 5.7 Add Inventory - Error path, user enters invalid " classname="non-integer) amounts for some of the 4 ingredients" time="0.0"/>
  <testcase name="And the coffee maker is in waiting state(Scenario: Add Inventory - TC 5.7 Add Inventory - Error path, user enters invalid " classname="non-integer) amounts for some of the 4 ingredients" time="0.0"/>
  <testcase name="And the user has selected add inventory(Scenario: Add Inventory - TC 5.7 Add Inventory - Error path, user enters invalid " classname="non-integer) amounts for some of the 4 ingredients" time="0.0"/>
  <testcase name="Then the user cannot update the inventory if they enter invalid (non-integer) amounts for one of &quot;0&quot;, &quot;0&quot;, &quot;a&quot; and &quot;0&quot;(Scenario: Add Inventory - TC 5.7 Add Inventory - Error path, user enters invalid " classname="non-integer) amounts for some of the 4 ingredients" time="0.0"/>
  <testcase name="And the current status of the coffee maker is &quot;OK&quot;(Scenario: Add Inventory - TC 5.7 Add Inventory - Error path, user enters invalid " classname="non-integer) amounts for some of the 4 ingredients" time="0.0"/>
  <testcase name="And the current mode of the coffee maker is &quot;ADD_INVENTORY&quot;(Scenario: Add Inventory - TC 5.7 Add Inventory - Error path, user enters invalid " classname="non-integer) amounts for some of the 4 ingredients" time="0.001"/>
  <testcase name="And the inventory has not been updated(Scenario: Add Inventory - TC 5.7 Add Inventory - Error path, user enters invalid " classname="non-integer) amounts for some of the 4 ingredients" time="0.0"/>
  <testcase name="Given an empty recipe book(Scenario: Add Inventory - TC 5.8 Add Inventory - Error path, user enters invalid " classname="non-integer) amounts for some of the 4 ingredients" time="0.0"/>
  <testcase name="And the coffee maker is in waiting state(Scenario: Add Inventory - TC 5.8 Add Inventory - Error path, user enters invalid " classname="non-integer) amounts for some of the 4 ingredients" time="0.0"/>
  <testcase name="And the user has selected add inventory(Scenario: Add Inventory - TC 5.8 Add Inventory - Error path, user enters invalid " classname="non-integer) amounts for some of the 4 ingredients" time="0.0"/>
  <testcase name="Then the user cannot update the inventory if they enter invalid (non-integer) amounts for one of &quot;0&quot;, &quot;0&quot;, &quot;0&quot; and &quot;a&quot;(Scenario: Add Inventory - TC 5.8 Add Inventory - Error path, user enters invalid " classname="non-integer) amounts for some of the 4 ingredients" time="0.0"/>
  <testcase name="And the current status of the coffee maker is &quot;OK&quot;(Scenario: Add Inventory - TC 5.8 Add Inventory - Error path, user enters invalid " classname="non-integer) amounts for some of the 4 ingredients" time="0.0"/>
  <testcase name="And the current mode of the coffee maker is &quot;ADD_INVENTORY&quot;(Scenario: Add Inventory - TC 5.8 Add Inventory - Error path, user enters invalid " classname="non-integer) amounts for some of the 4 ingredients" time="0.0"/>
  <testcase name="And the inventory has not been updated(Scenario: Add Inventory - TC 5.8 Add Inventory - Error path, user enters invalid " classname="non-integer) amounts for some of the 4 ingredients" time="0.0"/>
  <testcase name="Given an empty recipe book(Scenario: Add Inventory - TC 5.9 Add Inventory - Error path, user enters invalid " classname="non-integer) amounts for some of the 4 ingredients" time="0.0"/>
  <testcase name="And the coffee maker is in waiting state(Scenario: Add Inventory - TC 5.9 Add Inventory - Error path, user enters invalid " classname="non-integer) amounts for some of the 4 ingredients" time="0.0"/>
  <testcase name="And the user has selected add inventory(Scenario: Add Inventory - TC 5.9 Add Inventory - Error path, user enters invalid " classname="non-integer) amounts for some of the 4 ingredients" time="0.0"/>
  <testcase name="Then the user cannot update the inventory if they enter invalid (non-integer) amounts for one of &quot;1.5&quot;, &quot;0&quot;, &quot;0&quot; and &quot;0&quot;(Scenario: Add Inventory - TC 5.9 Add Inventory - Error path, user enters invalid " classname="non-integer) amounts for some of the 4 ingredients" time="0.0"/>
  <testcase name="And the current status of the coffee maker is &quot;OK&quot;(Scenario: Add Inventory - TC 5.9 Add Inventory - Error path, user enters invalid " classname="non-integer) amounts for some of the 4 ingredients" time="0.0"/>
  <testcase name="And the current mode of the coffee maker is &quot;ADD_INVENTORY&quot;(Scenario: Add Inventory - TC 5.9 Add Inventory - Error path, user enters invalid " classname="non-integer) amounts for some of the 4 ingredients" time="0.0"/>
  <testcase name="And the inventory has not been updated(Scenario: Add Inventory - TC 5.9 Add Inventory - Error path, user enters invalid " classname="non-integer) amounts for some of the 4 ingredients" time="0.0"/>
  <testcase name="Given an empty recipe book(Scenario: Add Inventory - TC 5.10 Add Inventory - Error path, user enters invalid " classname="non-integer) amounts for some of the 4 ingredients" time="0.0"/>
  <testcase name="And the coffee maker is in waiting state(Scenario: Add Inventory - TC 5.10 Add Inventory - Error path, user enters invalid " classname="non-integer) amounts for some of the 4 ingredients" time="0.0"/>
  <testcase name="And the user has selected add inventory(Scenario: Add Inventory - TC 5.10 Add Inventory - Error path, user enters invalid " classname="non-integer) amounts for some of the 4 ingredients" time="0.0"/>
  <testcase name="Then the user cannot update the inventory if they enter invalid (non-integer) amounts for one of &quot;0&quot;, &quot;1.5&quot;, &quot;0&quot; and &quot;0&quot;(Scenario: Add Inventory - TC 5.10 Add Inventory - Error path, user enters invalid " classname="non-integer) amounts for some of the 4 ingredients" time="0.0"/>
  <testcase name="And the current status of the coffee maker is &quot;OK&quot;(Scenario: Add Inventory - TC 5.10 Add Inventory - Error path, user enters invalid " classname="non-integer) amounts for some of the 4 ingredients" time="0.0"/>
  <testcase name="And the current mode of the coffee maker is &quot;ADD_INVENTORY&quot;(Scenario: Add Inventory - TC 5.10 Add Inventory - Error path, user enters invalid " classname="non-integer) amounts for some of the 4 ingredients" time="0.0"/>
  <testcase name="And the inventory has not been updated(Scenario: Add Inventory - TC 5.10 Add Inventory - Error path, user enters invalid " classname="non-integer) amounts for some of the 4 ingredients" time="0.0"/>
  <testcase name="Given an empty recipe book(Scenario: Add Inventory - TC 5.11 Add Inventory - Error path, user enters invalid " classname="non-integer) amounts for some of the 4 ingredients" time="0.0"/>
  <testcase name="And the coffee maker is in waiting state(Scenario: Add Inventory - TC 5.11 Add Inventory - Error path, user enters invalid " classname="non-integer) amounts for some of the 4 ingredients" time="0.0"/>
  <testcase name="And the user has selected add inventory(Scenario: Add Inventory - TC 5.11 Add Inventory - Error path, user enters invalid " classname="non-integer) amounts for some of the 4 ingredients" time="0.0"/>
  <testcase name="Then the user cannot update the inventory if they enter invalid (non-integer) amounts for one of &quot;0&quot;, &quot;0&quot;, &quot;1.5&quot; and &quot;0&quot;(Scenario: Add Inventory - TC 5.11 Add Inventory - Error path, user enters invalid " classname="non-integer) amounts for some of the 4 ingredients" time="0.0"/>
  <testcase name="And the current status of the coffee maker is &quot;OK&quot;(Scenario: Add Inventory - TC 5.11 Add Inventory - Error path, user enters invalid " classname="non-integer) amounts for some of the 4 ingredients" time="0.0"/>
  <testcase name="And the current mode of the coffee maker is &quot;ADD_INVENTORY&quot;(Scenario: Add Inventory - TC 5.11 Add Inventory - Error path, user enters invalid " classname="non-integer) amounts for some of the 4 ingredients" time="0.0"/>
  <testcase name="And the inventory has not been updated(Scenario: Add Inventory - TC 5.11 Add Inventory - Error path, user enters invalid " classname="non-integer) amounts for some of the 4 ingredients" time="0.0"/>
  <testcase name="Given an empty recipe book(Scenario: Add Inventory - TC 5.12 Add Inventory - Error path, user enters invalid " classname="non-integer) amounts for some of the 4 ingredients" time="0.0"/>
  <testcase name="And the coffee maker is in waiting state(Scenario: Add Inventory - TC 5.12 Add Inventory - Error path, user enters invalid " classname="non-integer) amounts for some of the 4 ingredients" time="0.0"/>
  <testcase name="And the user has selected add inventory(Scenario: Add Inventory - TC 5.12 Add Inventory - Error path, user enters invalid " classname="non-integer) amounts for some of the 4 ingredients" time="0.0"/>
  <testcase name="Then the user cannot update the inventory if they enter invalid (non-integer) amounts for one of &quot;0&quot;, &quot;0&quot;, &quot;0&quot; and &quot;1.5&quot;(Scenario: Add Inventory - TC 5.12 Add Inventory - Error path, user enters invalid " classname="non-integer) amounts for some of the 4 ingredients" time="0.0"/>
  <testcase name="And the current status of the coffee maker is &quot;OK&quot;(Scenario: Add Inventory - TC 5.12 Add Inventory - Error path, user enters invalid " classname="non-integer) amounts for some of the 4 ingredients" time="0.0"/>
  <testcase name="And the current mode of the coffee maker is &quot;ADD_INVENTORY&quot;(Scenario: Add Inventory - TC 5.12 Add Inventory - Error path, user enters invalid " classname="non-integer) amounts for some of the 4 ingredients" time="0.0"/>
  <testcase name="And the inventory has not been updated(Scenario: Add Inventory - TC 5.12 Add Inventory - Error path, user enters invalid " classname="non-integer) amounts for some of the 4 ingredients" time="0.0"/>
  <testcase name="When a user enters a non-int value for the amount of Chocolate to add &quot;a&quot; an Inventory Exception will be thrown(Scenario: Add Chocolate - TC 5.81 Add Chocolate - Error path, user enters invalid " classname="non-integer) amounts for some of the 4 ingredients" time="0.0"/>
  <system-out><![CDATA[]]></system-out>
  <system-err><![CDATA[]]></system-err>
</testsuite>
