<?xml version="1.0" encoding="UTF-8"?>
<testsuite name="non-integer) amount" tests="3" skipped="0" failures="0" errors="0" timestamp="2021-08-16T01:30:38" hostname="MarcoITSE" time="0.014">
  <properties/>
  <testcase name="When a user enters a non-int value for the amount of Coffee to add &quot;a&quot; an Inventory Exception will be thrown(Scenario: Add Sugar - TC 5.51 Add Sugar - Error path, user enters invalid " classname="non-integer) amount" time="0.0"/>
  <testcase name="When a user enters a non-int value for the amount of Sugar to add &quot;a&quot; an Inventory Exception will be thrown(Scenario: Add Sugar - TC 5.61 Add Sugar - Error path, user enters invalid " classname="non-integer) amount" time="0.0"/>
  <testcase name="When a user enters a non-int value for the amount of Milk to add &quot;a&quot; an Inventory Exception will be thrown(Scenario: Add Milk - TC 5.71 Add Milk - Error path, user enters invalid " classname="non-integer) amount" time="0.0"/>
  <system-out><![CDATA[]]></system-out>
  <system-err><![CDATA[]]></system-err>
</testsuite>
