<?xml version="1.0" encoding="UTF-8"?>
<testsuite name="Scenario: TC 2.13 - Add a Recipe, error path - add the same recipe twice" tests="11" skipped="0" failures="0" errors="0" timestamp="2021-08-16T01:30:37" hostname="MarcoITSE" time="0.004">
  <properties/>
  <testcase name="Given an empty recipe book" classname="Scenario: TC 2.13 - Add a Recipe, error path - add the same recipe twice" time="0.001"/>
  <testcase name="And the coffee maker is in waiting state" classname="Scenario: TC 2.13 - Add a Recipe, error path - add the same recipe twice" time="0.0"/>
  <testcase name="And the user has selected add a recipe" classname="Scenario: TC 2.13 - Add a Recipe, error path - add the same recipe twice" time="0.0"/>
  <testcase name="And the user enter valid values for the &quot;50&quot;, &quot;3&quot;, &quot;1&quot;, &quot;1&quot;, &quot;0&quot; and &quot;Coffee&quot;" classname="Scenario: TC 2.13 - Add a Recipe, error path - add the same recipe twice" time="0.0"/>
  <testcase name="And the recipe is added to the coffee maker" classname="Scenario: TC 2.13 - Add a Recipe, error path - add the same recipe twice" time="0.0"/>
  <testcase name="And the list of available recipes now includes &quot;Coffee&quot;" classname="Scenario: TC 2.13 - Add a Recipe, error path - add the same recipe twice" time="0.0"/>
  <testcase name="And the current status of the coffee maker is &quot;OK&quot;" classname="Scenario: TC 2.13 - Add a Recipe, error path - add the same recipe twice" time="0.0"/>
  <testcase name="And the current mode of the coffee maker is &quot;WAITING&quot;" classname="Scenario: TC 2.13 - Add a Recipe, error path - add the same recipe twice" time="0.0"/>
  <testcase name="When the user tries to add the same recipe again &quot;50&quot;, &quot;3&quot;, &quot;1&quot;, &quot;1&quot;, &quot;0&quot; and &quot;Coffee&quot;" classname="Scenario: TC 2.13 - Add a Recipe, error path - add the same recipe twice" time="0.0"/>
  <testcase name="Then the recipe cant be added the second time &quot;Coffee&quot;" classname="Scenario: TC 2.13 - Add a Recipe, error path - add the same recipe twice" time="0.0"/>
  <testcase name="classMethod" classname="Scenario: TC 2.13 - Add a Recipe, error path - add the same recipe twice" time="0.004"/>
  <system-out><![CDATA[]]></system-out>
  <system-err><![CDATA[]]></system-err>
</testsuite>
