<?xml version="1.0" encoding="UTF-8"?>
<testsuite name="Scenario: TC 3.6 - Delete a Recipe, error path - delete an empty recipe" tests="7" skipped="0" failures="0" errors="0" timestamp="2021-08-16T01:30:38" hostname="MarcoITSE" time="0.004">
  <properties/>
  <testcase name="Given an empty recipe book" classname="Scenario: TC 3.6 - Delete a Recipe, error path - delete an empty recipe" time="0.0"/>
  <testcase name="And the coffee maker is in waiting state" classname="Scenario: TC 3.6 - Delete a Recipe, error path - delete an empty recipe" time="0.0"/>
  <testcase name="And the user has selected delete a recipe" classname="Scenario: TC 3.6 - Delete a Recipe, error path - delete an empty recipe" time="0.0"/>
  <testcase name="Then the user cannot delete the recipe if they enter a recipe number that is not valid &quot;1&quot;" classname="Scenario: TC 3.6 - Delete a Recipe, error path - delete an empty recipe" time="0.0"/>
  <testcase name="And the coffee maker transitions into &quot;WAITING&quot; mode" classname="Scenario: TC 3.6 - Delete a Recipe, error path - delete an empty recipe" time="0.0"/>
  <testcase name="And the current status of the coffee maker is &quot;OUT_OF_RANGE&quot;" classname="Scenario: TC 3.6 - Delete a Recipe, error path - delete an empty recipe" time="0.001"/>
  <testcase name="classMethod" classname="Scenario: TC 3.6 - Delete a Recipe, error path - delete an empty recipe" time="0.005"/>
  <system-out><![CDATA[]]></system-out>
  <system-err><![CDATA[]]></system-err>
</testsuite>
