<?xml version="1.0" encoding="UTF-8"?>
<testsuite name="Scenario: TC 8.5 - Create a Recipe - Error Path - User enters negative integer for price" tests="2" skipped="0" failures="0" errors="0" timestamp="2021-08-16T01:30:38" hostname="MarcoITSE" time="0.001">
  <properties/>
  <testcase name="When the user tries to create a recipe with a -ve int as the price, it will fail" classname="Scenario: TC 8.5 - Create a Recipe - Error Path - User enters negative integer for price" time="0.0"/>
  <testcase name="classMethod" classname="Scenario: TC 8.5 - Create a Recipe - Error Path - User enters negative integer for price" time="0.002"/>
  <system-out><![CDATA[]]></system-out>
  <system-err><![CDATA[]]></system-err>
</testsuite>
