<?xml version="1.0" encoding="UTF-8"?>
<testsuite name="Scenario: TC 9.3&#9;- CoffeeMakerUI - Happy Path - reset" tests="5" skipped="0" failures="0" errors="0" timestamp="2021-08-16T01:30:38" hostname="MarcoITSE" time="0.005">
  <properties/>
  <testcase name="Given an empty recipe book" classname="Scenario: TC 9.3&#9;- CoffeeMakerUI - Happy Path - reset" time="0.0"/>
  <testcase name="And the coffee maker is in waiting state" classname="Scenario: TC 9.3&#9;- CoffeeMakerUI - Happy Path - reset" time="0.0"/>
  <testcase name="And the user has selected add a recipe" classname="Scenario: TC 9.3&#9;- CoffeeMakerUI - Happy Path - reset" time="0.0"/>
  <testcase name="When the coffee maker is reset, it should return to waiting mode" classname="Scenario: TC 9.3&#9;- CoffeeMakerUI - Happy Path - reset" time="0.0"/>
  <testcase name="classMethod" classname="Scenario: TC 9.3&#9;- CoffeeMakerUI - Happy Path - reset" time="0.007"/>
  <system-out><![CDATA[]]></system-out>
  <system-err><![CDATA[]]></system-err>
</testsuite>
