<?xml version="1.0" encoding="UTF-8"?>
<testsuite name="Scenario: TC 7.7 - Purchase Beverage - Error Path - insufficient payment" tests="3" skipped="0" failures="0" errors="0" timestamp="2021-08-16T01:30:38" hostname="MarcoITSE" time="0.003">
  <properties/>
  <testcase name="Given a default recipe book" classname="Scenario: TC 7.7 - Purchase Beverage - Error Path - insufficient payment" time="0.002"/>
  <testcase name="When the user attempts to make coffee with insufficient payment, it will fail and their payment will be returned" classname="Scenario: TC 7.7 - Purchase Beverage - Error Path - insufficient payment" time="0.0"/>
  <testcase name="classMethod" classname="Scenario: TC 7.7 - Purchase Beverage - Error Path - insufficient payment" time="0.004"/>
  <system-out><![CDATA[]]></system-out>
  <system-err><![CDATA[]]></system-err>
</testsuite>
