<?xml version="1.0" encoding="UTF-8"?>
<testsuite name="Scenario: TC 1.8 - main menu / error" tests="6" skipped="0" failures="0" errors="0" timestamp="2021-08-16T01:30:37" hostname="MarcoITSE" time="0.023">
  <properties/>
  <testcase name="Given a default recipe book" classname="Scenario: TC 1.8 - main menu / error" time="0.002"/>
  <testcase name="And the coffee maker is in waiting state" classname="Scenario: TC 1.8 - main menu / error" time="0.0"/>
  <testcase name="When the user selects an invalid negative integer amount &quot;-1&quot;" classname="Scenario: TC 1.8 - main menu / error" time="0.0"/>
  <testcase name="Then the coffee maker transitions into &quot;WAITING&quot; mode" classname="Scenario: TC 1.8 - main menu / error" time="0.001"/>
  <testcase name="And the current status of the coffee maker is &quot;OK&quot;" classname="Scenario: TC 1.8 - main menu / error" time="0.005"/>
  <testcase name="classMethod" classname="Scenario: TC 1.8 - main menu / error" time="0.032"/>
  <system-out><![CDATA[]]></system-out>
  <system-err><![CDATA[]]></system-err>
</testsuite>
